<?xml version="1.0" encoding="UTF-8"?>
<!-- Generated by org.testng.reporters.JUnitXMLReporter -->
<testsuite hostname="DESKTOP-8O55DTL" ignored="0" name="AFTest" tests="3" failures="1" timestamp="09 May 2018 22:39:14 GMT" time="8.014" errors="0">
  <testcase name="assertSlides" time="0.035" classname="com.wbl.test.HomePageTest"/>
  <testcase name="assertRecText" time="0.131" classname="com.wbl.test.HomePageTest">
    <failure type="java.lang.AssertionError" message="expected:&amp;lt;Recordings&amp;gt; but was:&amp;lt;Recordings....&amp;gt;">
      <![CDATA[java.lang.AssertionError: expected:<Recordings> but was:<Recordings....>
	at com.wbl.test.HomePageTest.assertRecText(HomePageTest.java:32)
... Removed 27 stack frames]]>
    </failure>
  </testcase> <!-- assertRecText -->
  <testcase name="assertClickRecording" time="2.11" classname="com.wbl.test.HomePageTest"/>
</testsuite> <!-- AFTest -->
